<?xml version="1.0" encoding="utf-8"?><testsuites><testsuite name="pytest" errors="0" failures="0" skipped="0" tests="4" time="12.262" timestamp="2024-01-22T22:38:10.540274" hostname="Kanis-MacBook-Pro-2.local"><testcase classname="test_widget" name="test_widget_functions_as_expected" time="0.000" /><testcase classname="test_widget" name="test_05656452" time="0.000" /><testcase classname="tests.sportscar.engine.test_engine" name="test_can_navigate_to_engine_page" time="6.944" /><testcase classname="tests.sportscar.entertainment.test_entertainment" name="test_can_navigate_to_entertainment_page" time="5.178" /></testsuite></testsuites>